[ 2014-11-09T22:39:37+08:00 ] 127.0.0.1 /order/order/num/1.html
ERR: 非法操作:order

[ 2014-11-09T23:18:04+08:00 ] 127.0.0.1 /order/listorder/num/1.html
INFO: [ app_init ] --START--
INFO: Run Behavior\BuildLiteBehavior [ RunTime:0.000000s ]
INFO: [ app_init ] --END-- [ RunTime:0.054003s ]
NOTIC: [8] Use of undefined constant getGroup - assumed 'getGroup' D:\wamp2.5\www\jiyi\Home\Common\function.php 第 8 行.
INFO: [ app_begin ] --START--
INFO: Run Behavior\ReadHtmlCacheBehavior [ RunTime:0.001000s ]
INFO: [ app_begin ] --END-- [ RunTime:0.002000s ]
INFO: [ view_parse ] --START--
INFO: [ template_filter ] --START--
INFO: Run Behavior\ContentReplaceBehavior [ RunTime:0.001000s ]
INFO: [ template_filter ] --END-- [ RunTime:0.001000s ]
INFO: Run Behavior\ParseTemplateBehavior [ RunTime:0.038003s ]
INFO: [ view_parse ] --END-- [ RunTime:0.038003s ]
INFO: [ view_filter ] --START--
INFO: Run Behavior\WriteHtmlCacheBehavior [ RunTime:0.000000s ]
INFO: [ view_filter ] --END-- [ RunTime:0.001000s ]
INFO: [ app_end ] --START--
INFO: Run Behavior\ShowPageTraceBehavior [ RunTime:0.000000s ]
INFO: [ app_end ] --END-- [ RunTime:0.002000s ]

[ 2014-11-09T23:18:05+08:00 ] 127.0.0.1 /Order/listHandel.html?search=false&nd=1415546285184&rows=10&page=1&sidx=id&sord=asc
INFO: [ app_init ] --START--
INFO: Run Behavior\BuildLiteBehavior [ RunTime:0.000000s ]
INFO: [ app_init ] --END-- [ RunTime:0.001000s ]
NOTIC: [8] Use of undefined constant getGroup - assumed 'getGroup' D:\wamp2.5\www\jiyi\Home\Common\function.php 第 8 行.
INFO: [ app_begin ] --START--
INFO: Run Behavior\ReadHtmlCacheBehavior [ RunTime:0.001000s ]
INFO: [ app_begin ] --END-- [ RunTime:0.001000s ]
NOTIC: [8192] mysql_connect(): The mysql extension is deprecated and will be removed in the future: use mysqli or PDO instead D:\wamp2.5\www\ThinkPHP\Library\Think\Db\Driver\Mysql.class.php 第 52 行.
SQL: SHOW COLUMNS FROM `bixiu_order` [ RunTime:0.006000s ]
SQL: SELECT COUNT(*) AS tp_count FROM `bixiu_order` WHERE ( `uid` = 2 ) LIMIT 1   [ RunTime:0.000000s ]
SQL: SELECT * FROM `bixiu_order` WHERE ( `uid` = 2 ) AND ( `recycle` = 0 ) ORDER BY id asc LIMIT 0,10   [ RunTime:0.001000s ]
NOTIC: [2] Creating default object from empty value D:\wamp2.5\www\jiyi\Home\Controller\OrderController.class.php 第 132 行.
INFO: [ app_end ] --START--
INFO: Run Behavior\ShowPageTraceBehavior [ RunTime:0.001000s ]
INFO: [ app_end ] --END-- [ RunTime:0.001000s ]

[ 2014-11-09T23:18:09+08:00 ] 127.0.0.1 /Order/listHandel.html
INFO: [ app_init ] --START--
INFO: Run Behavior\BuildLiteBehavior [ RunTime:0.000000s ]
INFO: [ app_init ] --END-- [ RunTime:0.000000s ]
NOTIC: [8] Use of undefined constant getGroup - assumed 'getGroup' D:\wamp2.5\www\jiyi\Home\Common\function.php 第 8 行.
INFO: [ app_begin ] --START--
INFO: Run Behavior\ReadHtmlCacheBehavior [ RunTime:0.001000s ]
INFO: [ app_begin ] --END-- [ RunTime:0.001000s ]
NOTIC: [8192] mysql_connect(): The mysql extension is deprecated and will be removed in the future: use mysqli or PDO instead D:\wamp2.5\www\ThinkPHP\Library\Think\Db\Driver\Mysql.class.php 第 52 行.
SQL: SHOW COLUMNS FROM `bixiu_order` [ RunTime:0.005001s ]
SQL: UPDATE `bixiu_order` SET `ordername`='订单001',`username`='王先生',`tel`='15636857550',`address`='江苏省苏州市',`agreement`='on',`altertime`=1415546289,`ip`='127.0.0.1' WHERE ( `id` = 1 ) [ RunTime:0.033002s ]
INFO: [ app_end ] --START--
INFO: Run Behavior\ShowPageTraceBehavior [ RunTime:0.000000s ]
INFO: [ app_end ] --END-- [ RunTime:0.001000s ]

[ 2014-11-09T23:18:11+08:00 ] 127.0.0.1 /order/listorder/num/1.html
INFO: [ app_init ] --START--
INFO: Run Behavior\BuildLiteBehavior [ RunTime:0.000000s ]
INFO: [ app_init ] --END-- [ RunTime:0.001000s ]
NOTIC: [8] Use of undefined constant getGroup - assumed 'getGroup' D:\wamp2.5\www\jiyi\Home\Common\function.php 第 8 行.
INFO: [ app_begin ] --START--
INFO: Run Behavior\ReadHtmlCacheBehavior [ RunTime:0.001000s ]
INFO: [ app_begin ] --END-- [ RunTime:0.001000s ]
INFO: [ view_parse ] --START--
INFO: [ template_filter ] --START--
INFO: Run Behavior\ContentReplaceBehavior [ RunTime:0.001000s ]
INFO: [ template_filter ] --END-- [ RunTime:0.001000s ]
INFO: Run Behavior\ParseTemplateBehavior [ RunTime:0.046002s ]
INFO: [ view_parse ] --END-- [ RunTime:0.047002s ]
INFO: [ view_filter ] --START--
INFO: Run Behavior\WriteHtmlCacheBehavior [ RunTime:0.001001s ]
INFO: [ view_filter ] --END-- [ RunTime:0.001001s ]
INFO: [ app_end ] --START--
INFO: Run Behavior\ShowPageTraceBehavior [ RunTime:0.001000s ]
INFO: [ app_end ] --END-- [ RunTime:0.001000s ]

[ 2014-11-09T23:18:11+08:00 ] 127.0.0.1 /Order/listHandel.html?search=false&nd=1415546291626&rows=10&page=1&sidx=id&sord=asc
INFO: [ app_init ] --START--
INFO: Run Behavior\BuildLiteBehavior [ RunTime:0.000000s ]
INFO: [ app_init ] --END-- [ RunTime:0.001000s ]
NOTIC: [8] Use of undefined constant getGroup - assumed 'getGroup' D:\wamp2.5\www\jiyi\Home\Common\function.php 第 8 行.
INFO: [ app_begin ] --START--
INFO: Run Behavior\ReadHtmlCacheBehavior [ RunTime:0.001000s ]
INFO: [ app_begin ] --END-- [ RunTime:0.002000s ]
NOTIC: [8192] mysql_connect(): The mysql extension is deprecated and will be removed in the future: use mysqli or PDO instead D:\wamp2.5\www\ThinkPHP\Library\Think\Db\Driver\Mysql.class.php 第 52 行.
SQL: SHOW COLUMNS FROM `bixiu_order` [ RunTime:0.008000s ]
SQL: SELECT COUNT(*) AS tp_count FROM `bixiu_order` WHERE ( `uid` = 2 ) LIMIT 1   [ RunTime:0.002000s ]
SQL: SELECT * FROM `bixiu_order` WHERE ( `uid` = 2 ) AND ( `recycle` = 0 ) ORDER BY id asc LIMIT 0,10   [ RunTime:0.001000s ]
NOTIC: [2] Creating default object from empty value D:\wamp2.5\www\jiyi\Home\Controller\OrderController.class.php 第 132 行.
INFO: [ app_end ] --START--
INFO: Run Behavior\ShowPageTraceBehavior [ RunTime:0.000000s ]
INFO: [ app_end ] --END-- [ RunTime:0.001000s ]

[ 2014-11-09T23:20:13+08:00 ] 127.0.0.1 /order/listorder/num/1.html
INFO: [ app_init ] --START--
INFO: Run Behavior\BuildLiteBehavior [ RunTime:0.000000s ]
INFO: [ app_init ] --END-- [ RunTime:0.001000s ]
NOTIC: [8] Use of undefined constant getGroup - assumed 'getGroup' D:\wamp2.5\www\jiyi\Home\Common\function.php 第 8 行.
INFO: [ app_begin ] --START--
INFO: Run Behavior\ReadHtmlCacheBehavior [ RunTime:0.001000s ]
INFO: [ app_begin ] --END-- [ RunTime:0.002000s ]
INFO: [ view_parse ] --START--
INFO: [ template_filter ] --START--
INFO: Run Behavior\ContentReplaceBehavior [ RunTime:0.001000s ]
INFO: [ template_filter ] --END-- [ RunTime:0.001000s ]
INFO: Run Behavior\ParseTemplateBehavior [ RunTime:0.035002s ]
INFO: [ view_parse ] --END-- [ RunTime:0.035002s ]
INFO: [ view_filter ] --START--
INFO: Run Behavior\WriteHtmlCacheBehavior [ RunTime:0.001000s ]
INFO: [ view_filter ] --END-- [ RunTime:0.001000s ]
INFO: [ app_end ] --START--
INFO: Run Behavior\ShowPageTraceBehavior [ RunTime:0.001000s ]
INFO: [ app_end ] --END-- [ RunTime:0.001000s ]

[ 2014-11-09T23:20:14+08:00 ] 127.0.0.1 /Order/listHandel.html?search=false&nd=1415546414274&rows=10&page=1&sidx=id&sord=asc
INFO: [ app_init ] --START--
INFO: Run Behavior\BuildLiteBehavior [ RunTime:0.000000s ]
INFO: [ app_init ] --END-- [ RunTime:0.000000s ]
NOTIC: [8] Use of undefined constant getGroup - assumed 'getGroup' D:\wamp2.5\www\jiyi\Home\Common\function.php 第 8 行.
INFO: [ app_begin ] --START--
INFO: Run Behavior\ReadHtmlCacheBehavior [ RunTime:0.001000s ]
INFO: [ app_begin ] --END-- [ RunTime:0.001000s ]
NOTIC: [8192] mysql_connect(): The mysql extension is deprecated and will be removed in the future: use mysqli or PDO instead D:\wamp2.5\www\ThinkPHP\Library\Think\Db\Driver\Mysql.class.php 第 52 行.
SQL: SHOW COLUMNS FROM `bixiu_order` [ RunTime:0.006000s ]
SQL: SELECT COUNT(*) AS tp_count FROM `bixiu_order` WHERE ( `uid` = 2 ) LIMIT 1   [ RunTime:0.004001s ]
SQL: SELECT * FROM `bixiu_order` WHERE ( `uid` = 2 ) AND ( `recycle` = 0 ) ORDER BY id asc LIMIT 0,10   [ RunTime:0.001000s ]
NOTIC: [2] Creating default object from empty value D:\wamp2.5\www\jiyi\Home\Controller\OrderController.class.php 第 130 行.
INFO: [ app_end ] --START--
INFO: Run Behavior\ShowPageTraceBehavior [ RunTime:0.001000s ]
INFO: [ app_end ] --END-- [ RunTime:0.001000s ]

[ 2014-11-09T23:20:18+08:00 ] 127.0.0.1 /Order/listHandel.html
INFO: [ app_init ] --START--
INFO: Run Behavior\BuildLiteBehavior [ RunTime:0.000000s ]
INFO: [ app_init ] --END-- [ RunTime:0.000000s ]
NOTIC: [8] Use of undefined constant getGroup - assumed 'getGroup' D:\wamp2.5\www\jiyi\Home\Common\function.php 第 8 行.
INFO: [ app_begin ] --START--
INFO: Run Behavior\ReadHtmlCacheBehavior [ RunTime:0.001000s ]
INFO: [ app_begin ] --END-- [ RunTime:0.001000s ]
NOTIC: [8192] mysql_connect(): The mysql extension is deprecated and will be removed in the future: use mysqli or PDO instead D:\wamp2.5\www\ThinkPHP\Library\Think\Db\Driver\Mysql.class.php 第 52 行.
SQL: SHOW COLUMNS FROM `bixiu_order` [ RunTime:0.007000s ]
SQL: UPDATE `bixiu_order` SET `ordername`='订单001',`username`='王先生',`tel`='15636857550',`address`='江苏省苏州市',`agreement`=1,`altertime`=1415546418,`ip`='127.0.0.1' WHERE ( `id` = 1 ) [ RunTime:0.046002s ]
INFO: [ app_end ] --START--
INFO: Run Behavior\ShowPageTraceBehavior [ RunTime:0.001000s ]
INFO: [ app_end ] --END-- [ RunTime:0.001000s ]

[ 2014-11-09T23:20:20+08:00 ] 127.0.0.1 /order/listorder/num/1.html
INFO: [ app_init ] --START--
INFO: Run Behavior\BuildLiteBehavior [ RunTime:0.001000s ]
INFO: [ app_init ] --END-- [ RunTime:0.001000s ]
NOTIC: [8] Use of undefined constant getGroup - assumed 'getGroup' D:\wamp2.5\www\jiyi\Home\Common\function.php 第 8 行.
INFO: [ app_begin ] --START--
INFO: Run Behavior\ReadHtmlCacheBehavior [ RunTime:0.001000s ]
INFO: [ app_begin ] --END-- [ RunTime:0.001000s ]
INFO: [ view_parse ] --START--
INFO: [ template_filter ] --START--
INFO: Run Behavior\ContentReplaceBehavior [ RunTime:0.002000s ]
INFO: [ template_filter ] --END-- [ RunTime:0.002000s ]
INFO: Run Behavior\ParseTemplateBehavior [ RunTime:0.034002s ]
INFO: [ view_parse ] --END-- [ RunTime:0.034002s ]
INFO: [ view_filter ] --START--
INFO: Run Behavior\WriteHtmlCacheBehavior [ RunTime:0.001000s ]
INFO: [ view_filter ] --END-- [ RunTime:0.001000s ]
INFO: [ app_end ] --START--
INFO: Run Behavior\ShowPageTraceBehavior [ RunTime:0.001001s ]
INFO: [ app_end ] --END-- [ RunTime:0.002001s ]

[ 2014-11-09T23:20:21+08:00 ] 127.0.0.1 /Order/listHandel.html?search=false&nd=1415546421516&rows=10&page=1&sidx=id&sord=asc
INFO: [ app_init ] --START--
INFO: Run Behavior\BuildLiteBehavior [ RunTime:0.000000s ]
INFO: [ app_init ] --END-- [ RunTime:0.001000s ]
NOTIC: [8] Use of undefined constant getGroup - assumed 'getGroup' D:\wamp2.5\www\jiyi\Home\Common\function.php 第 8 行.
INFO: [ app_begin ] --START--
INFO: Run Behavior\ReadHtmlCacheBehavior [ RunTime:0.004000s ]
INFO: [ app_begin ] --END-- [ RunTime:0.004000s ]
NOTIC: [8192] mysql_connect(): The mysql extension is deprecated and will be removed in the future: use mysqli or PDO instead D:\wamp2.5\www\ThinkPHP\Library\Think\Db\Driver\Mysql.class.php 第 52 行.
SQL: SHOW COLUMNS FROM `bixiu_order` [ RunTime:0.010000s ]
SQL: SELECT COUNT(*) AS tp_count FROM `bixiu_order` WHERE ( `uid` = 2 ) LIMIT 1   [ RunTime:0.001000s ]
SQL: SELECT * FROM `bixiu_order` WHERE ( `uid` = 2 ) AND ( `recycle` = 0 ) ORDER BY id asc LIMIT 0,10   [ RunTime:0.000000s ]
NOTIC: [2] Creating default object from empty value D:\wamp2.5\www\jiyi\Home\Controller\OrderController.class.php 第 130 行.
INFO: [ app_end ] --START--
INFO: Run Behavior\ShowPageTraceBehavior [ RunTime:0.001000s ]
INFO: [ app_end ] --END-- [ RunTime:0.002000s ]

[ 2014-11-09T23:20:28+08:00 ] 127.0.0.1 /Order/listHandel.html
INFO: [ app_init ] --START--
INFO: Run Behavior\BuildLiteBehavior [ RunTime:0.000000s ]
INFO: [ app_init ] --END-- [ RunTime:0.000000s ]
NOTIC: [8] Use of undefined constant getGroup - assumed 'getGroup' D:\wamp2.5\www\jiyi\Home\Common\function.php 第 8 行.
INFO: [ app_begin ] --START--
INFO: Run Behavior\ReadHtmlCacheBehavior [ RunTime:0.001001s ]
INFO: [ app_begin ] --END-- [ RunTime:0.001001s ]
NOTIC: [8192] mysql_connect(): The mysql extension is deprecated and will be removed in the future: use mysqli or PDO instead D:\wamp2.5\www\ThinkPHP\Library\Think\Db\Driver\Mysql.class.php 第 52 行.
SQL: SHOW COLUMNS FROM `bixiu_order` [ RunTime:0.005001s ]
SQL: UPDATE `bixiu_order` SET `ordername`='订单001',`username`='王先生',`tel`='15636857550',`address`='江苏省苏州市',`agreement`=0,`altertime`=1415546428,`ip`='127.0.0.1' WHERE ( `id` = 1 ) [ RunTime:0.023001s ]
INFO: [ app_end ] --START--
INFO: Run Behavior\ShowPageTraceBehavior [ RunTime:0.001000s ]
INFO: [ app_end ] --END-- [ RunTime:0.001000s ]

[ 2014-11-09T23:20:30+08:00 ] 127.0.0.1 /order/listorder/num/1.html
INFO: [ app_init ] --START--
INFO: Run Behavior\BuildLiteBehavior [ RunTime:0.000000s ]
INFO: [ app_init ] --END-- [ RunTime:0.002001s ]
NOTIC: [8] Use of undefined constant getGroup - assumed 'getGroup' D:\wamp2.5\www\jiyi\Home\Common\function.php 第 8 行.
INFO: [ app_begin ] --START--
INFO: Run Behavior\ReadHtmlCacheBehavior [ RunTime:0.001000s ]
INFO: [ app_begin ] --END-- [ RunTime:0.001000s ]
INFO: [ view_parse ] --START--
INFO: [ template_filter ] --START--
INFO: Run Behavior\ContentReplaceBehavior [ RunTime:0.001000s ]
INFO: [ template_filter ] --END-- [ RunTime:0.001000s ]
INFO: Run Behavior\ParseTemplateBehavior [ RunTime:0.035002s ]
INFO: [ view_parse ] --END-- [ RunTime:0.035002s ]
INFO: [ view_filter ] --START--
INFO: Run Behavior\WriteHtmlCacheBehavior [ RunTime:0.001000s ]
INFO: [ view_filter ] --END-- [ RunTime:0.001000s ]
INFO: [ app_end ] --START--
INFO: Run Behavior\ShowPageTraceBehavior [ RunTime:0.001000s ]
INFO: [ app_end ] --END-- [ RunTime:0.002000s ]

[ 2014-11-09T23:20:30+08:00 ] 127.0.0.1 /Order/listHandel.html?search=false&nd=1415546430800&rows=10&page=1&sidx=id&sord=asc
INFO: [ app_init ] --START--
INFO: Run Behavior\BuildLiteBehavior [ RunTime:0.000000s ]
INFO: [ app_init ] --END-- [ RunTime:0.001000s ]
NOTIC: [8] Use of undefined constant getGroup - assumed 'getGroup' D:\wamp2.5\www\jiyi\Home\Common\function.php 第 8 行.
INFO: [ app_begin ] --START--
INFO: Run Behavior\ReadHtmlCacheBehavior [ RunTime:0.002000s ]
INFO: [ app_begin ] --END-- [ RunTime:0.002000s ]
NOTIC: [8192] mysql_connect(): The mysql extension is deprecated and will be removed in the future: use mysqli or PDO instead D:\wamp2.5\www\ThinkPHP\Library\Think\Db\Driver\Mysql.class.php 第 52 行.
SQL: SHOW COLUMNS FROM `bixiu_order` [ RunTime:0.005001s ]
SQL: SELECT COUNT(*) AS tp_count FROM `bixiu_order` WHERE ( `uid` = 2 ) LIMIT 1   [ RunTime:0.001000s ]
SQL: SELECT * FROM `bixiu_order` WHERE ( `uid` = 2 ) AND ( `recycle` = 0 ) ORDER BY id asc LIMIT 0,10   [ RunTime:0.001000s ]
NOTIC: [2] Creating default object from empty value D:\wamp2.5\www\jiyi\Home\Controller\OrderController.class.php 第 130 行.
INFO: [ app_end ] --START--
INFO: Run Behavior\ShowPageTraceBehavior [ RunTime:0.001000s ]
INFO: [ app_end ] --END-- [ RunTime:0.001000s ]

[ 2014-11-09T23:28:05+08:00 ] 127.0.0.1 /Login/logout.html
INFO: [ app_init ] --START--
INFO: Run Behavior\BuildLiteBehavior [ RunTime:0.000000s ]
INFO: [ app_init ] --END-- [ RunTime:0.001000s ]
NOTIC: [8] Use of undefined constant getGroup - assumed 'getGroup' D:\wamp2.5\www\jiyi\Home\Common\function.php 第 8 行.
INFO: [ app_begin ] --START--
INFO: Run Behavior\ReadHtmlCacheBehavior [ RunTime:0.001000s ]
INFO: [ app_begin ] --END-- [ RunTime:0.001000s ]

[ 2014-11-09T23:28:06+08:00 ] 127.0.0.1 /Login/index.html
INFO: [ app_init ] --START--
INFO: Run Behavior\BuildLiteBehavior [ RunTime:0.000000s ]
INFO: [ app_init ] --END-- [ RunTime:0.001000s ]
NOTIC: [8] Use of undefined constant getGroup - assumed 'getGroup' D:\wamp2.5\www\jiyi\Home\Common\function.php 第 8 行.
INFO: [ app_begin ] --START--
INFO: Run Behavior\ReadHtmlCacheBehavior [ RunTime:0.001001s ]
INFO: [ app_begin ] --END-- [ RunTime:0.001001s ]
INFO: [ view_parse ] --START--
INFO: [ template_filter ] --START--
INFO: Run Behavior\ContentReplaceBehavior [ RunTime:0.000000s ]
INFO: [ template_filter ] --END-- [ RunTime:0.001000s ]
INFO: Run Behavior\ParseTemplateBehavior [ RunTime:0.015001s ]
INFO: [ view_parse ] --END-- [ RunTime:0.016001s ]
INFO: [ view_filter ] --START--
INFO: Run Behavior\WriteHtmlCacheBehavior [ RunTime:0.001000s ]
INFO: [ view_filter ] --END-- [ RunTime:0.002000s ]
INFO: [ app_end ] --START--
INFO: Run Behavior\ShowPageTraceBehavior [ RunTime:0.001000s ]
INFO: [ app_end ] --END-- [ RunTime:0.002000s ]

[ 2014-11-09T23:28:06+08:00 ] 127.0.0.1 /Login/verify.html
INFO: [ app_init ] --START--
INFO: Run Behavior\BuildLiteBehavior [ RunTime:0.000000s ]
INFO: [ app_init ] --END-- [ RunTime:0.001000s ]
NOTIC: [8] Use of undefined constant getGroup - assumed 'getGroup' D:\wamp2.5\www\jiyi\Home\Common\function.php 第 8 行.
INFO: [ app_begin ] --START--
INFO: Run Behavior\ReadHtmlCacheBehavior [ RunTime:0.001000s ]
INFO: [ app_begin ] --END-- [ RunTime:0.001000s ]
INFO: [ app_end ] --START--
INFO: Run Behavior\ShowPageTraceBehavior [ RunTime:0.001000s ]
INFO: [ app_end ] --END-- [ RunTime:0.001000s ]

[ 2014-11-09T23:28:15+08:00 ] 127.0.0.1 /Login/checkLogin.html
INFO: [ app_init ] --START--
INFO: Run Behavior\BuildLiteBehavior [ RunTime:0.000000s ]
INFO: [ app_init ] --END-- [ RunTime:0.000000s ]
NOTIC: [8] Use of undefined constant getGroup - assumed 'getGroup' D:\wamp2.5\www\jiyi\Home\Common\function.php 第 8 行.
INFO: [ app_begin ] --START--
INFO: Run Behavior\ReadHtmlCacheBehavior [ RunTime:0.000000s ]
INFO: [ app_begin ] --END-- [ RunTime:0.001000s ]
NOTIC: [8192] mysql_connect(): The mysql extension is deprecated and will be removed in the future: use mysqli or PDO instead D:\wamp2.5\www\ThinkPHP\Library\Think\Db\Driver\Mysql.class.php 第 52 行.
SQL: SHOW COLUMNS FROM `bixiu_user` [ RunTime:0.005000s ]
SQL: SELECT `id`,`salt`,`password`,`nickname`,`department`,`userpic` FROM `bixiu_user` WHERE ( `username` = 'bixiu' ) LIMIT 1   [ RunTime:0.001000s ]

[ 2014-11-09T23:28:15+08:00 ] 127.0.0.1 /Index/index.html
INFO: [ app_init ] --START--
INFO: Run Behavior\BuildLiteBehavior [ RunTime:0.000000s ]
INFO: [ app_init ] --END-- [ RunTime:0.001000s ]
NOTIC: [8] Use of undefined constant getGroup - assumed 'getGroup' D:\wamp2.5\www\jiyi\Home\Common\function.php 第 8 行.
INFO: [ app_begin ] --START--
INFO: Run Behavior\ReadHtmlCacheBehavior [ RunTime:0.000000s ]
INFO: [ app_begin ] --END-- [ RunTime:0.001000s ]
INFO: [ view_parse ] --START--
INFO: [ template_filter ] --START--
INFO: Run Behavior\ContentReplaceBehavior [ RunTime:0.000000s ]
INFO: [ template_filter ] --END-- [ RunTime:0.001000s ]
INFO: Run Behavior\ParseTemplateBehavior [ RunTime:0.027002s ]
INFO: [ view_parse ] --END-- [ RunTime:0.028002s ]
INFO: [ view_filter ] --START--
INFO: Run Behavior\WriteHtmlCacheBehavior [ RunTime:0.001000s ]
INFO: [ view_filter ] --END-- [ RunTime:0.001000s ]
INFO: [ app_end ] --START--
INFO: Run Behavior\ShowPageTraceBehavior [ RunTime:0.001000s ]
INFO: [ app_end ] --END-- [ RunTime:0.001000s ]

[ 2014-11-09T23:28:18+08:00 ] 127.0.0.1 /Art/index/num/2.html
INFO: [ app_init ] --START--
INFO: Run Behavior\BuildLiteBehavior [ RunTime:0.000000s ]
INFO: [ app_init ] --END-- [ RunTime:0.001000s ]
NOTIC: [8] Use of undefined constant getGroup - assumed 'getGroup' D:\wamp2.5\www\jiyi\Home\Common\function.php 第 8 行.
INFO: [ app_begin ] --START--
INFO: Run Behavior\ReadHtmlCacheBehavior [ RunTime:0.001000s ]
INFO: [ app_begin ] --END-- [ RunTime:0.001000s ]
INFO: [ view_parse ] --START--
INFO: [ template_filter ] --START--
INFO: Run Behavior\ContentReplaceBehavior [ RunTime:0.001000s ]
INFO: [ template_filter ] --END-- [ RunTime:0.001000s ]
INFO: Run Behavior\ParseTemplateBehavior [ RunTime:0.033002s ]
INFO: [ view_parse ] --END-- [ RunTime:0.033002s ]
INFO: [ view_filter ] --START--
INFO: Run Behavior\WriteHtmlCacheBehavior [ RunTime:0.002000s ]
INFO: [ view_filter ] --END-- [ RunTime:0.003000s ]
INFO: [ app_end ] --START--
INFO: Run Behavior\ShowPageTraceBehavior [ RunTime:0.001000s ]
INFO: [ app_end ] --END-- [ RunTime:0.001000s ]

[ 2014-11-09T23:28:19+08:00 ] 127.0.0.1 /Art/listHandel.html?search=false&nd=1415546898871&rows=10&page=1&sidx=id&sord=asc
INFO: [ app_init ] --START--
INFO: Run Behavior\BuildLiteBehavior [ RunTime:0.000000s ]
INFO: [ app_init ] --END-- [ RunTime:0.000000s ]
NOTIC: [8] Use of undefined constant getGroup - assumed 'getGroup' D:\wamp2.5\www\jiyi\Home\Common\function.php 第 8 行.
INFO: [ app_begin ] --START--
INFO: Run Behavior\ReadHtmlCacheBehavior [ RunTime:0.001000s ]
INFO: [ app_begin ] --END-- [ RunTime:0.001000s ]
NOTIC: [8] Use of undefined constant IS_REQUEST - assumed 'IS_REQUEST' D:\wamp2.5\www\jiyi\Home\Controller\ArtController.class.php 第 32 行.
NOTIC: [8192] mysql_connect(): The mysql extension is deprecated and will be removed in the future: use mysqli or PDO instead D:\wamp2.5\www\ThinkPHP\Library\Think\Db\Driver\Mysql.class.php 第 52 行.
SQL: SHOW COLUMNS FROM `bixiu_order` [ RunTime:0.005001s ]
SQL: SELECT COUNT(*) AS tp_count FROM `bixiu_order` WHERE ( `desid` = 0 ) AND ( `status` = 0 ) AND ( `salsubmit` <> 0 ) LIMIT 1   [ RunTime:0.004000s ]
SQL: SELECT * FROM `bixiu_order` WHERE ( `desid` = 0 ) AND ( `status` = 0 ) AND ( `salsubmit` <> 0 ) ORDER BY id asc LIMIT 0,10   [ RunTime:0.000000s ]
NOTIC: [2] Creating default object from empty value D:\wamp2.5\www\jiyi\Home\Controller\ArtController.class.php 第 62 行.
INFO: [ app_end ] --START--
INFO: Run Behavior\ShowPageTraceBehavior [ RunTime:0.000000s ]
INFO: [ app_end ] --END-- [ RunTime:0.001000s ]

[ 2014-11-09T23:28:19+08:00 ] 127.0.0.1 /Art/myorder/num/2.html
INFO: [ app_init ] --START--
INFO: Run Behavior\BuildLiteBehavior [ RunTime:0.000000s ]
INFO: [ app_init ] --END-- [ RunTime:0.001000s ]
NOTIC: [8] Use of undefined constant getGroup - assumed 'getGroup' D:\wamp2.5\www\jiyi\Home\Common\function.php 第 8 行.
INFO: [ app_begin ] --START--
INFO: Run Behavior\ReadHtmlCacheBehavior [ RunTime:0.001000s ]
INFO: [ app_begin ] --END-- [ RunTime:0.001000s ]
INFO: [ view_parse ] --START--
INFO: [ template_filter ] --START--
INFO: Run Behavior\ContentReplaceBehavior [ RunTime:0.000000s ]
INFO: [ template_filter ] --END-- [ RunTime:0.000000s ]
INFO: Run Behavior\ParseTemplateBehavior [ RunTime:0.030001s ]
INFO: [ view_parse ] --END-- [ RunTime:0.030001s ]
INFO: [ view_filter ] --START--
INFO: Run Behavior\WriteHtmlCacheBehavior [ RunTime:0.000000s ]
INFO: [ view_filter ] --END-- [ RunTime:0.001001s ]
INFO: [ app_end ] --START--
INFO: Run Behavior\ShowPageTraceBehavior [ RunTime:0.002000s ]
INFO: [ app_end ] --END-- [ RunTime:0.002000s ]

[ 2014-11-09T23:28:20+08:00 ] 127.0.0.1 /Art/myorderHandel.html?search=false&nd=1415546900353&rows=10&page=1&sidx=id&sord=asc
INFO: [ app_init ] --START--
INFO: Run Behavior\BuildLiteBehavior [ RunTime:0.000000s ]
INFO: [ app_init ] --END-- [ RunTime:0.001000s ]
NOTIC: [8] Use of undefined constant getGroup - assumed 'getGroup' D:\wamp2.5\www\jiyi\Home\Common\function.php 第 8 行.
INFO: [ app_begin ] --START--
INFO: Run Behavior\ReadHtmlCacheBehavior [ RunTime:0.002000s ]
INFO: [ app_begin ] --END-- [ RunTime:0.002000s ]
NOTIC: [8] Use of undefined constant IS_REQUEST - assumed 'IS_REQUEST' D:\wamp2.5\www\jiyi\Home\Controller\ArtController.class.php 第 151 行.
NOTIC: [8192] mysql_connect(): The mysql extension is deprecated and will be removed in the future: use mysqli or PDO instead D:\wamp2.5\www\ThinkPHP\Library\Think\Db\Driver\Mysql.class.php 第 52 行.
SQL: SHOW COLUMNS FROM `bixiu_order` [ RunTime:0.005000s ]
SQL: SELECT COUNT(*) AS tp_count FROM `bixiu_order` WHERE ( `status` = 0 ) AND ( `desid` = 1 ) AND ( `dessubmit` = 0 ) LIMIT 1   [ RunTime:0.001000s ]
SQL: SELECT * FROM `bixiu_order` WHERE ( `status` = 0 ) AND ( `desid` = 1 ) AND ( `dessubmit` = 0 ) ORDER BY id asc LIMIT 0,10   [ RunTime:0.001000s ]
SQL: SHOW COLUMNS FROM `bixiu_user` [ RunTime:0.004001s ]
SQL: SELECT * FROM `bixiu_user` WHERE ( 1=1 AND id='2' ) LIMIT 1   [ RunTime:0.016001s ]
NOTIC: [2] Creating default object from empty value D:\wamp2.5\www\jiyi\Home\Controller\ArtController.class.php 第 179 行.
INFO: [ app_end ] --START--
INFO: Run Behavior\ShowPageTraceBehavior [ RunTime:0.000000s ]
INFO: [ app_end ] --END-- [ RunTime:0.001000s ]

[ 2014-11-09T23:28:36+08:00 ] 127.0.0.1 /Art/myorder/num/2.html
INFO: [ app_init ] --START--
INFO: Run Behavior\BuildLiteBehavior [ RunTime:0.000000s ]
INFO: [ app_init ] --END-- [ RunTime:0.001000s ]
NOTIC: [8] Use of undefined constant getGroup - assumed 'getGroup' D:\wamp2.5\www\jiyi\Home\Common\function.php 第 8 行.
INFO: [ app_begin ] --START--
INFO: Run Behavior\ReadHtmlCacheBehavior [ RunTime:0.001000s ]
INFO: [ app_begin ] --END-- [ RunTime:0.002000s ]
INFO: [ view_parse ] --START--
INFO: [ template_filter ] --START--
INFO: Run Behavior\ContentReplaceBehavior [ RunTime:0.001000s ]
INFO: [ template_filter ] --END-- [ RunTime:0.001000s ]
INFO: Run Behavior\ParseTemplateBehavior [ RunTime:0.059003s ]
INFO: [ view_parse ] --END-- [ RunTime:0.060003s ]
INFO: [ view_filter ] --START--
INFO: Run Behavior\WriteHtmlCacheBehavior [ RunTime:0.004000s ]
INFO: [ view_filter ] --END-- [ RunTime:0.004000s ]
INFO: [ app_end ] --START--
INFO: Run Behavior\ShowPageTraceBehavior [ RunTime:0.003001s ]
INFO: [ app_end ] --END-- [ RunTime:0.003001s ]

[ 2014-11-09T23:28:37+08:00 ] 127.0.0.1 /Art/myorderHandel.html?search=false&nd=1415546917150&rows=10&page=1&sidx=id&sord=asc
INFO: [ app_init ] --START--
INFO: Run Behavior\BuildLiteBehavior [ RunTime:0.000000s ]
INFO: [ app_init ] --END-- [ RunTime:0.000000s ]
NOTIC: [8] Use of undefined constant getGroup - assumed 'getGroup' D:\wamp2.5\www\jiyi\Home\Common\function.php 第 8 行.
INFO: [ app_begin ] --START--
INFO: Run Behavior\ReadHtmlCacheBehavior [ RunTime:0.000000s ]
INFO: [ app_begin ] --END-- [ RunTime:0.001000s ]
NOTIC: [8] Use of undefined constant IS_REQUEST - assumed 'IS_REQUEST' D:\wamp2.5\www\jiyi\Home\Controller\ArtController.class.php 第 151 行.
NOTIC: [8192] mysql_connect(): The mysql extension is deprecated and will be removed in the future: use mysqli or PDO instead D:\wamp2.5\www\ThinkPHP\Library\Think\Db\Driver\Mysql.class.php 第 52 行.
SQL: SHOW COLUMNS FROM `bixiu_order` [ RunTime:0.005001s ]
SQL: SELECT COUNT(*) AS tp_count FROM `bixiu_order` WHERE ( `status` = 0 ) AND ( `desid` = 1 ) AND ( `dessubmit` = 0 ) LIMIT 1   [ RunTime:0.001000s ]
SQL: SELECT * FROM `bixiu_order` WHERE ( `status` = 0 ) AND ( `desid` = 1 ) AND ( `dessubmit` = 0 ) ORDER BY id asc LIMIT 0,10   [ RunTime:0.001000s ]
SQL: SHOW COLUMNS FROM `bixiu_user` [ RunTime:0.006000s ]
SQL: SELECT * FROM `bixiu_user` WHERE ( 1=1 AND id='2' ) LIMIT 1   [ RunTime:0.001000s ]
NOTIC: [2] Creating default object from empty value D:\wamp2.5\www\jiyi\Home\Controller\ArtController.class.php 第 179 行.
INFO: [ app_end ] --START--
INFO: Run Behavior\ShowPageTraceBehavior [ RunTime:0.001000s ]
INFO: [ app_end ] --END-- [ RunTime:0.001000s ]

[ 2014-11-09T23:31:06+08:00 ] 127.0.0.1 /Art/myorder/num/2.html
INFO: [ app_init ] --START--
INFO: Run Behavior\BuildLiteBehavior [ RunTime:0.000000s ]
INFO: [ app_init ] --END-- [ RunTime:0.000000s ]
NOTIC: [8] Use of undefined constant getGroup - assumed 'getGroup' D:\wamp2.5\www\jiyi\Home\Common\function.php 第 8 行.
INFO: [ app_begin ] --START--
INFO: Run Behavior\ReadHtmlCacheBehavior [ RunTime:0.001000s ]
INFO: [ app_begin ] --END-- [ RunTime:0.002000s ]
INFO: [ view_parse ] --START--
INFO: [ template_filter ] --START--
INFO: Run Behavior\ContentReplaceBehavior [ RunTime:0.001000s ]
INFO: [ template_filter ] --END-- [ RunTime:0.001000s ]
INFO: Run Behavior\ParseTemplateBehavior [ RunTime:0.032002s ]
INFO: [ view_parse ] --END-- [ RunTime:0.032002s ]
INFO: [ view_filter ] --START--
INFO: Run Behavior\WriteHtmlCacheBehavior [ RunTime:0.001000s ]
INFO: [ view_filter ] --END-- [ RunTime:0.001000s ]
INFO: [ app_end ] --START--
INFO: Run Behavior\ShowPageTraceBehavior [ RunTime:0.001000s ]
INFO: [ app_end ] --END-- [ RunTime:0.001000s ]

[ 2014-11-09T23:31:07+08:00 ] 127.0.0.1 /Art/myorderHandel.html?search=false&nd=1415547067494&rows=10&page=1&sidx=id&sord=asc
INFO: [ app_init ] --START--
INFO: Run Behavior\BuildLiteBehavior [ RunTime:0.001000s ]
INFO: [ app_init ] --END-- [ RunTime:0.001000s ]
NOTIC: [8] Use of undefined constant getGroup - assumed 'getGroup' D:\wamp2.5\www\jiyi\Home\Common\function.php 第 8 行.
INFO: [ app_begin ] --START--
INFO: Run Behavior\ReadHtmlCacheBehavior [ RunTime:0.001000s ]
INFO: [ app_begin ] --END-- [ RunTime:0.002000s ]
NOTIC: [8] Use of undefined constant IS_REQUEST - assumed 'IS_REQUEST' D:\wamp2.5\www\jiyi\Home\Controller\ArtController.class.php 第 153 行.
NOTIC: [8192] mysql_connect(): The mysql extension is deprecated and will be removed in the future: use mysqli or PDO instead D:\wamp2.5\www\ThinkPHP\Library\Think\Db\Driver\Mysql.class.php 第 52 行.
SQL: SHOW COLUMNS FROM `bixiu_order` [ RunTime:0.008001s ]
SQL: SELECT COUNT(*) AS tp_count FROM `bixiu_order` WHERE ( `status` = 0 ) AND ( `desid` = 1 ) AND ( `dessubmit` = 0 ) LIMIT 1   [ RunTime:0.001000s ]
SQL: SELECT * FROM `bixiu_order` WHERE ( `status` = 0 ) AND ( `desid` = 1 ) AND ( `dessubmit` = 0 ) ORDER BY id asc LIMIT 0,10   [ RunTime:0.001000s ]
SQL: SHOW COLUMNS FROM `bixiu_user` [ RunTime:0.006001s ]
SQL: SELECT * FROM `bixiu_user` WHERE ( 1=1 AND id='2' ) LIMIT 1   [ RunTime:0.001000s ]
NOTIC: [2] Creating default object from empty value D:\wamp2.5\www\jiyi\Home\Controller\ArtController.class.php 第 181 行.
INFO: [ app_end ] --START--
INFO: Run Behavior\ShowPageTraceBehavior [ RunTime:0.001000s ]
INFO: [ app_end ] --END-- [ RunTime:0.001000s ]

[ 2014-11-09T23:31:08+08:00 ] 127.0.0.1 /Art/index/num/2.html
INFO: [ app_init ] --START--
INFO: Run Behavior\BuildLiteBehavior [ RunTime:0.000000s ]
INFO: [ app_init ] --END-- [ RunTime:0.001000s ]
NOTIC: [8] Use of undefined constant getGroup - assumed 'getGroup' D:\wamp2.5\www\jiyi\Home\Common\function.php 第 8 行.
INFO: [ app_begin ] --START--
INFO: Run Behavior\ReadHtmlCacheBehavior [ RunTime:0.000000s ]
INFO: [ app_begin ] --END-- [ RunTime:0.002000s ]
INFO: [ view_parse ] --START--
INFO: [ template_filter ] --START--
INFO: Run Behavior\ContentReplaceBehavior [ RunTime:0.001000s ]
INFO: [ template_filter ] --END-- [ RunTime:0.001000s ]
INFO: Run Behavior\ParseTemplateBehavior [ RunTime:0.030002s ]
INFO: [ view_parse ] --END-- [ RunTime:0.031002s ]
INFO: [ view_filter ] --START--
INFO: Run Behavior\WriteHtmlCacheBehavior [ RunTime:0.000000s ]
INFO: [ view_filter ] --END-- [ RunTime:0.000000s ]
INFO: [ app_end ] --START--
INFO: Run Behavior\ShowPageTraceBehavior [ RunTime:0.002000s ]
INFO: [ app_end ] --END-- [ RunTime:0.003000s ]

[ 2014-11-09T23:31:09+08:00 ] 127.0.0.1 /Art/listHandel.html?search=false&nd=1415547069021&rows=10&page=1&sidx=id&sord=asc
INFO: [ app_init ] --START--
INFO: Run Behavior\BuildLiteBehavior [ RunTime:0.000000s ]
INFO: [ app_init ] --END-- [ RunTime:0.001000s ]
NOTIC: [8] Use of undefined constant getGroup - assumed 'getGroup' D:\wamp2.5\www\jiyi\Home\Common\function.php 第 8 行.
INFO: [ app_begin ] --START--
INFO: Run Behavior\ReadHtmlCacheBehavior [ RunTime:0.001000s ]
INFO: [ app_begin ] --END-- [ RunTime:0.001000s ]
NOTIC: [8] Use of undefined constant IS_REQUEST - assumed 'IS_REQUEST' D:\wamp2.5\www\jiyi\Home\Controller\ArtController.class.php 第 32 行.
NOTIC: [8192] mysql_connect(): The mysql extension is deprecated and will be removed in the future: use mysqli or PDO instead D:\wamp2.5\www\ThinkPHP\Library\Think\Db\Driver\Mysql.class.php 第 52 行.
SQL: SHOW COLUMNS FROM `bixiu_order` [ RunTime:0.005000s ]
SQL: SELECT COUNT(*) AS tp_count FROM `bixiu_order` WHERE ( `desid` = 0 ) AND ( `status` = 0 ) AND ( `salsubmit` <> 0 ) LIMIT 1   [ RunTime:0.001000s ]
SQL: SELECT * FROM `bixiu_order` WHERE ( `desid` = 0 ) AND ( `status` = 0 ) AND ( `salsubmit` <> 0 ) ORDER BY id asc LIMIT 0,10   [ RunTime:0.001000s ]
NOTIC: [2] Creating default object from empty value D:\wamp2.5\www\jiyi\Home\Controller\ArtController.class.php 第 62 行.
INFO: [ app_end ] --START--
INFO: Run Behavior\ShowPageTraceBehavior [ RunTime:0.001000s ]
INFO: [ app_end ] --END-- [ RunTime:0.001000s ]

[ 2014-11-09T23:31:36+08:00 ] 127.0.0.1 /Art/index/num/2.html
INFO: [ app_init ] --START--
INFO: Run Behavior\BuildLiteBehavior [ RunTime:0.000000s ]
INFO: [ app_init ] --END-- [ RunTime:0.001000s ]
NOTIC: [8] Use of undefined constant getGroup - assumed 'getGroup' D:\wamp2.5\www\jiyi\Home\Common\function.php 第 8 行.
INFO: [ app_begin ] --START--
INFO: Run Behavior\ReadHtmlCacheBehavior [ RunTime:0.001000s ]
INFO: [ app_begin ] --END-- [ RunTime:0.001000s ]
INFO: [ view_parse ] --START--
INFO: [ template_filter ] --START--
INFO: Run Behavior\ContentReplaceBehavior [ RunTime:0.001000s ]
INFO: [ template_filter ] --END-- [ RunTime:0.001000s ]
INFO: Run Behavior\ParseTemplateBehavior [ RunTime:0.031002s ]
INFO: [ view_parse ] --END-- [ RunTime:0.031002s ]
INFO: [ view_filter ] --START--
INFO: Run Behavior\WriteHtmlCacheBehavior [ RunTime:0.001000s ]
INFO: [ view_filter ] --END-- [ RunTime:0.001000s ]
INFO: [ app_end ] --START--
INFO: Run Behavior\ShowPageTraceBehavior [ RunTime:0.001000s ]
INFO: [ app_end ] --END-- [ RunTime:0.001000s ]

[ 2014-11-09T23:31:36+08:00 ] 127.0.0.1 /Art/listHandel.html?search=false&nd=1415547096709&rows=10&page=1&sidx=id&sord=asc
INFO: [ app_init ] --START--
INFO: Run Behavior\BuildLiteBehavior [ RunTime:0.000000s ]
INFO: [ app_init ] --END-- [ RunTime:0.001000s ]
NOTIC: [8] Use of undefined constant getGroup - assumed 'getGroup' D:\wamp2.5\www\jiyi\Home\Common\function.php 第 8 行.
INFO: [ app_begin ] --START--
INFO: Run Behavior\ReadHtmlCacheBehavior [ RunTime:0.001000s ]
INFO: [ app_begin ] --END-- [ RunTime:0.001000s ]
NOTIC: [8] Use of undefined constant IS_REQUEST - assumed 'IS_REQUEST' D:\wamp2.5\www\jiyi\Home\Controller\ArtController.class.php 第 32 行.
NOTIC: [8192] mysql_connect(): The mysql extension is deprecated and will be removed in the future: use mysqli or PDO instead D:\wamp2.5\www\ThinkPHP\Library\Think\Db\Driver\Mysql.class.php 第 52 行.
SQL: SHOW COLUMNS FROM `bixiu_order` [ RunTime:0.005001s ]
SQL: SELECT COUNT(*) AS tp_count FROM `bixiu_order` WHERE ( `desid` = 0 ) AND ( `status` = 0 ) AND ( `salsubmit` <> 0 ) LIMIT 1   [ RunTime:0.001000s ]
SQL: SELECT * FROM `bixiu_order` WHERE ( `desid` = 0 ) AND ( `status` = 0 ) AND ( `salsubmit` <> 0 ) ORDER BY id asc LIMIT 0,10   [ RunTime:0.002000s ]
NOTIC: [2] Creating default object from empty value D:\wamp2.5\www\jiyi\Home\Controller\ArtController.class.php 第 62 行.
INFO: [ app_end ] --START--
INFO: Run Behavior\ShowPageTraceBehavior [ RunTime:0.001000s ]
INFO: [ app_end ] --END-- [ RunTime:0.001000s ]

[ 2014-11-09T23:31:54+08:00 ] 127.0.0.1 /Art/index/num/2.html
INFO: [ app_init ] --START--
INFO: Run Behavior\BuildLiteBehavior [ RunTime:0.000000s ]
INFO: [ app_init ] --END-- [ RunTime:0.001000s ]
NOTIC: [8] Use of undefined constant getGroup - assumed 'getGroup' D:\wamp2.5\www\jiyi\Home\Common\function.php 第 8 行.
INFO: [ app_begin ] --START--
INFO: Run Behavior\ReadHtmlCacheBehavior [ RunTime:0.001000s ]
INFO: [ app_begin ] --END-- [ RunTime:0.002000s ]
INFO: [ view_parse ] --START--
INFO: [ template_filter ] --START--
INFO: Run Behavior\ContentReplaceBehavior [ RunTime:0.000000s ]
INFO: [ template_filter ] --END-- [ RunTime:0.001000s ]
INFO: Run Behavior\ParseTemplateBehavior [ RunTime:0.029002s ]
INFO: [ view_parse ] --END-- [ RunTime:0.029002s ]
INFO: [ view_filter ] --START--
INFO: Run Behavior\WriteHtmlCacheBehavior [ RunTime:0.002000s ]
INFO: [ view_filter ] --END-- [ RunTime:0.002000s ]
INFO: [ app_end ] --START--
INFO: Run Behavior\ShowPageTraceBehavior [ RunTime:0.001000s ]
INFO: [ app_end ] --END-- [ RunTime:0.001000s ]

[ 2014-11-09T23:31:55+08:00 ] 127.0.0.1 /Art/listHandel.html?search=false&nd=1415547115017&rows=10&page=1&sidx=id&sord=asc
INFO: [ app_init ] --START--
INFO: Run Behavior\BuildLiteBehavior [ RunTime:0.000000s ]
INFO: [ app_init ] --END-- [ RunTime:0.001000s ]
NOTIC: [8] Use of undefined constant getGroup - assumed 'getGroup' D:\wamp2.5\www\jiyi\Home\Common\function.php 第 8 行.
INFO: [ app_begin ] --START--
INFO: Run Behavior\ReadHtmlCacheBehavior [ RunTime:0.001000s ]
INFO: [ app_begin ] --END-- [ RunTime:0.001000s ]
NOTIC: [8] Use of undefined constant IS_REQUEST - assumed 'IS_REQUEST' D:\wamp2.5\www\jiyi\Home\Controller\ArtController.class.php 第 32 行.
NOTIC: [8192] mysql_connect(): The mysql extension is deprecated and will be removed in the future: use mysqli or PDO instead D:\wamp2.5\www\ThinkPHP\Library\Think\Db\Driver\Mysql.class.php 第 52 行.
SQL: SHOW COLUMNS FROM `bixiu_order` [ RunTime:0.007001s ]
SQL: SELECT COUNT(*) AS tp_count FROM `bixiu_order` WHERE ( `desid` = 0 ) AND ( `status` = 0 ) AND ( `salsubmit` <> 0 ) LIMIT 1   [ RunTime:0.003000s ]
SQL: SELECT * FROM `bixiu_order` WHERE ( `desid` = 0 ) AND ( `status` = 0 ) AND ( `salsubmit` <> 0 ) ORDER BY id asc LIMIT 0,10   [ RunTime:0.001000s ]
SQL: SHOW COLUMNS FROM `bixiu_user` [ RunTime:0.007000s ]
SQL: SELECT * FROM `bixiu_user` WHERE ( 1=1 AND id='2' ) LIMIT 1   [ RunTime:0.001001s ]
NOTIC: [2] Creating default object from empty value D:\wamp2.5\www\jiyi\Home\Controller\ArtController.class.php 第 62 行.
INFO: [ app_end ] --START--
INFO: Run Behavior\ShowPageTraceBehavior [ RunTime:0.001000s ]
INFO: [ app_end ] --END-- [ RunTime:0.001000s ]

[ 2014-11-09T23:32:00+08:00 ] 127.0.0.1 /Art/complete/num/2.html
INFO: [ app_init ] --START--
INFO: Run Behavior\BuildLiteBehavior [ RunTime:0.000000s ]
INFO: [ app_init ] --END-- [ RunTime:0.001001s ]
NOTIC: [8] Use of undefined constant getGroup - assumed 'getGroup' D:\wamp2.5\www\jiyi\Home\Common\function.php 第 8 行.
INFO: [ app_begin ] --START--
INFO: Run Behavior\ReadHtmlCacheBehavior [ RunTime:0.001000s ]
INFO: [ app_begin ] --END-- [ RunTime:0.001000s ]
NOTIC: [8192] mysql_connect(): The mysql extension is deprecated and will be removed in the future: use mysqli or PDO instead D:\wamp2.5\www\ThinkPHP\Library\Think\Db\Driver\Mysql.class.php 第 52 行.
SQL: SHOW COLUMNS FROM `bixiu_order` [ RunTime:0.004001s ]
SQL: SELECT * FROM `bixiu_order` WHERE ( `desid` = 1 ) AND ( `dessubmit` = 1 )  [ RunTime:0.000000s ]
INFO: [ view_parse ] --START--
INFO: [ template_filter ] --START--
INFO: Run Behavior\ContentReplaceBehavior [ RunTime:0.000000s ]
INFO: [ template_filter ] --END-- [ RunTime:0.000000s ]
INFO: Run Behavior\ParseTemplateBehavior [ RunTime:0.032002s ]
INFO: [ view_parse ] --END-- [ RunTime:0.032002s ]
INFO: [ view_filter ] --START--
INFO: Run Behavior\WriteHtmlCacheBehavior [ RunTime:0.000000s ]
INFO: [ view_filter ] --END-- [ RunTime:0.001000s ]
INFO: [ app_end ] --START--
INFO: Run Behavior\ShowPageTraceBehavior [ RunTime:0.001000s ]
INFO: [ app_end ] --END-- [ RunTime:0.001000s ]

[ 2014-11-09T23:32:01+08:00 ] 127.0.0.1 /Art/myorder/num/2.html
INFO: [ app_init ] --START--
INFO: Run Behavior\BuildLiteBehavior [ RunTime:0.000000s ]
INFO: [ app_init ] --END-- [ RunTime:0.000000s ]
NOTIC: [8] Use of undefined constant getGroup - assumed 'getGroup' D:\wamp2.5\www\jiyi\Home\Common\function.php 第 8 行.
INFO: [ app_begin ] --START--
INFO: Run Behavior\ReadHtmlCacheBehavior [ RunTime:0.001000s ]
INFO: [ app_begin ] --END-- [ RunTime:0.002000s ]
INFO: [ view_parse ] --START--
INFO: [ template_filter ] --START--
INFO: Run Behavior\ContentReplaceBehavior [ RunTime:0.001000s ]
INFO: [ template_filter ] --END-- [ RunTime:0.001000s ]
INFO: Run Behavior\ParseTemplateBehavior [ RunTime:0.035002s ]
INFO: [ view_parse ] --END-- [ RunTime:0.036002s ]
INFO: [ view_filter ] --START--
INFO: Run Behavior\WriteHtmlCacheBehavior [ RunTime:0.000000s ]
INFO: [ view_filter ] --END-- [ RunTime:0.001000s ]
INFO: [ app_end ] --START--
INFO: Run Behavior\ShowPageTraceBehavior [ RunTime:0.002000s ]
INFO: [ app_end ] --END-- [ RunTime:0.002000s ]

[ 2014-11-09T23:32:02+08:00 ] 127.0.0.1 /Art/myorderHandel.html?search=false&nd=1415547122776&rows=10&page=1&sidx=id&sord=asc
INFO: [ app_init ] --START--
INFO: Run Behavior\BuildLiteBehavior [ RunTime:0.000000s ]
INFO: [ app_init ] --END-- [ RunTime:0.002000s ]
NOTIC: [8] Use of undefined constant getGroup - assumed 'getGroup' D:\wamp2.5\www\jiyi\Home\Common\function.php 第 8 行.
INFO: [ app_begin ] --START--
INFO: Run Behavior\ReadHtmlCacheBehavior [ RunTime:0.001000s ]
INFO: [ app_begin ] --END-- [ RunTime:0.001000s ]
NOTIC: [8] Use of undefined constant IS_REQUEST - assumed 'IS_REQUEST' D:\wamp2.5\www\jiyi\Home\Controller\ArtController.class.php 第 153 行.
NOTIC: [8192] mysql_connect(): The mysql extension is deprecated and will be removed in the future: use mysqli or PDO instead D:\wamp2.5\www\ThinkPHP\Library\Think\Db\Driver\Mysql.class.php 第 52 行.
SQL: SHOW COLUMNS FROM `bixiu_order` [ RunTime:0.006000s ]
SQL: SELECT COUNT(*) AS tp_count FROM `bixiu_order` WHERE ( `status` = 0 ) AND ( `desid` = 1 ) AND ( `dessubmit` = 0 ) LIMIT 1   [ RunTime:0.001000s ]
SQL: SELECT * FROM `bixiu_order` WHERE ( `status` = 0 ) AND ( `desid` = 1 ) AND ( `dessubmit` = 0 ) ORDER BY id asc LIMIT 0,10   [ RunTime:0.000000s ]
SQL: SHOW COLUMNS FROM `bixiu_user` [ RunTime:0.005000s ]
SQL: SELECT * FROM `bixiu_user` WHERE ( 1=1 AND id='2' ) LIMIT 1   [ RunTime:0.000000s ]
NOTIC: [2] Creating default object from empty value D:\wamp2.5\www\jiyi\Home\Controller\ArtController.class.php 第 181 行.
INFO: [ app_end ] --START--
INFO: Run Behavior\ShowPageTraceBehavior [ RunTime:0.001000s ]
INFO: [ app_end ] --END-- [ RunTime:0.001000s ]

[ 2014-11-09T23:32:39+08:00 ] 127.0.0.1 /Art/myorder/num/2.html
INFO: [ app_init ] --START--
INFO: Run Behavior\BuildLiteBehavior [ RunTime:0.000000s ]
INFO: [ app_init ] --END-- [ RunTime:0.002000s ]
NOTIC: [8] Use of undefined constant getGroup - assumed 'getGroup' D:\wamp2.5\www\jiyi\Home\Common\function.php 第 8 行.
INFO: [ app_begin ] --START--
INFO: Run Behavior\ReadHtmlCacheBehavior [ RunTime:0.001001s ]
INFO: [ app_begin ] --END-- [ RunTime:0.001001s ]
INFO: [ view_parse ] --START--
INFO: [ template_filter ] --START--
INFO: Run Behavior\ContentReplaceBehavior [ RunTime:0.001000s ]
INFO: [ template_filter ] --END-- [ RunTime:0.001000s ]
INFO: Run Behavior\ParseTemplateBehavior [ RunTime:0.034002s ]
INFO: [ view_parse ] --END-- [ RunTime:0.034002s ]
INFO: [ view_filter ] --START--
INFO: Run Behavior\WriteHtmlCacheBehavior [ RunTime:0.001000s ]
INFO: [ view_filter ] --END-- [ RunTime:0.001000s ]
INFO: [ app_end ] --START--
INFO: Run Behavior\ShowPageTraceBehavior [ RunTime:0.001000s ]
INFO: [ app_end ] --END-- [ RunTime:0.001000s ]

[ 2014-11-09T23:32:40+08:00 ] 127.0.0.1 /Art/myorderHandel.html?search=false&nd=1415547160390&rows=10&page=1&sidx=id&sord=asc
INFO: [ app_init ] --START--
INFO: Run Behavior\BuildLiteBehavior [ RunTime:0.000000s ]
INFO: [ app_init ] --END-- [ RunTime:0.001000s ]
NOTIC: [8] Use of undefined constant getGroup - assumed 'getGroup' D:\wamp2.5\www\jiyi\Home\Common\function.php 第 8 行.
INFO: [ app_begin ] --START--
INFO: Run Behavior\ReadHtmlCacheBehavior [ RunTime:0.001000s ]
INFO: [ app_begin ] --END-- [ RunTime:0.001000s ]
NOTIC: [8] Use of undefined constant IS_REQUEST - assumed 'IS_REQUEST' D:\wamp2.5\www\jiyi\Home\Controller\ArtController.class.php 第 153 行.
NOTIC: [8192] mysql_connect(): The mysql extension is deprecated and will be removed in the future: use mysqli or PDO instead D:\wamp2.5\www\ThinkPHP\Library\Think\Db\Driver\Mysql.class.php 第 52 行.
SQL: SHOW COLUMNS FROM `bixiu_order` [ RunTime:0.005001s ]
SQL: SELECT COUNT(*) AS tp_count FROM `bixiu_order` WHERE ( `status` = 0 ) AND ( `desid` = 1 ) AND ( `dessubmit` = 0 ) LIMIT 1   [ RunTime:0.001000s ]
SQL: SELECT * FROM `bixiu_order` WHERE ( `status` = 0 ) AND ( `desid` = 1 ) AND ( `dessubmit` = 0 ) ORDER BY id asc LIMIT 0,10   [ RunTime:0.001000s ]
SQL: SHOW COLUMNS FROM `bixiu_user` [ RunTime:0.005000s ]
SQL: SELECT * FROM `bixiu_user` WHERE ( 1=1 AND id='2' ) LIMIT 1   [ RunTime:0.000000s ]
NOTIC: [2] Creating default object from empty value D:\wamp2.5\www\jiyi\Home\Controller\ArtController.class.php 第 181 行.
INFO: [ app_end ] --START--
INFO: Run Behavior\ShowPageTraceBehavior [ RunTime:0.002000s ]
INFO: [ app_end ] --END-- [ RunTime:0.002000s ]

[ 2014-11-09T23:32:56+08:00 ] 127.0.0.1 /Art/myorder/num/2.html
INFO: [ app_init ] --START--
INFO: Run Behavior\BuildLiteBehavior [ RunTime:0.000000s ]
INFO: [ app_init ] --END-- [ RunTime:0.001000s ]
NOTIC: [8] Use of undefined constant getGroup - assumed 'getGroup' D:\wamp2.5\www\jiyi\Home\Common\function.php 第 8 行.
INFO: [ app_begin ] --START--
INFO: Run Behavior\ReadHtmlCacheBehavior [ RunTime:0.002000s ]
INFO: [ app_begin ] --END-- [ RunTime:0.002000s ]
INFO: [ view_parse ] --START--
INFO: [ template_filter ] --START--
INFO: Run Behavior\ContentReplaceBehavior [ RunTime:0.001000s ]
INFO: [ template_filter ] --END-- [ RunTime:0.001000s ]
INFO: Run Behavior\ParseTemplateBehavior [ RunTime:0.038002s ]
INFO: [ view_parse ] --END-- [ RunTime:0.038002s ]
INFO: [ view_filter ] --START--
INFO: Run Behavior\WriteHtmlCacheBehavior [ RunTime:0.001000s ]
INFO: [ view_filter ] --END-- [ RunTime:0.001000s ]
INFO: [ app_end ] --START--
INFO: Run Behavior\ShowPageTraceBehavior [ RunTime:0.001000s ]
INFO: [ app_end ] --END-- [ RunTime:0.001000s ]

[ 2014-11-09T23:32:56+08:00 ] 127.0.0.1 /Art/myorderHandel.html?search=false&nd=1415547176710&rows=10&page=1&sidx=id&sord=asc
INFO: [ app_init ] --START--
INFO: Run Behavior\BuildLiteBehavior [ RunTime:0.000000s ]
INFO: [ app_init ] --END-- [ RunTime:0.001000s ]
NOTIC: [8] Use of undefined constant getGroup - assumed 'getGroup' D:\wamp2.5\www\jiyi\Home\Common\function.php 第 8 行.
INFO: [ app_begin ] --START--
INFO: Run Behavior\ReadHtmlCacheBehavior [ RunTime:0.000000s ]
INFO: [ app_begin ] --END-- [ RunTime:0.001000s ]
NOTIC: [8] Use of undefined constant IS_REQUEST - assumed 'IS_REQUEST' D:\wamp2.5\www\jiyi\Home\Controller\ArtController.class.php 第 153 行.
NOTIC: [8192] mysql_connect(): The mysql extension is deprecated and will be removed in the future: use mysqli or PDO instead D:\wamp2.5\www\ThinkPHP\Library\Think\Db\Driver\Mysql.class.php 第 52 行.
SQL: SHOW COLUMNS FROM `bixiu_order` [ RunTime:0.006000s ]
SQL: SELECT COUNT(*) AS tp_count FROM `bixiu_order` WHERE ( `status` = 0 ) AND ( `desid` = 1 ) AND ( `dessubmit` = 0 ) LIMIT 1   [ RunTime:0.001000s ]
SQL: SELECT * FROM `bixiu_order` WHERE ( `status` = 0 ) AND ( `desid` = 1 ) AND ( `dessubmit` = 0 ) ORDER BY id asc LIMIT 0,10   [ RunTime:0.001000s ]
SQL: SHOW COLUMNS FROM `bixiu_user` [ RunTime:0.005000s ]
SQL: SELECT * FROM `bixiu_user` WHERE ( 1=1 AND id='2' ) LIMIT 1   [ RunTime:0.001000s ]
NOTIC: [2] Creating default object from empty value D:\wamp2.5\www\jiyi\Home\Controller\ArtController.class.php 第 181 行.
INFO: [ app_end ] --START--
INFO: Run Behavior\ShowPageTraceBehavior [ RunTime:0.002000s ]
INFO: [ app_end ] --END-- [ RunTime:0.003000s ]

[ 2014-11-09T23:33:12+08:00 ] 127.0.0.1 /Art/myorder/num/2.html
INFO: [ app_init ] --START--
INFO: Run Behavior\BuildLiteBehavior [ RunTime:0.000000s ]
INFO: [ app_init ] --END-- [ RunTime:0.001000s ]
NOTIC: [8] Use of undefined constant getGroup - assumed 'getGroup' D:\wamp2.5\www\jiyi\Home\Common\function.php 第 8 行.
INFO: [ app_begin ] --START--
INFO: Run Behavior\ReadHtmlCacheBehavior [ RunTime:0.001000s ]
INFO: [ app_begin ] --END-- [ RunTime:0.001000s ]
INFO: [ view_parse ] --START--
INFO: [ template_filter ] --START--
INFO: Run Behavior\ContentReplaceBehavior [ RunTime:0.001000s ]
INFO: [ template_filter ] --END-- [ RunTime:0.001000s ]
INFO: Run Behavior\ParseTemplateBehavior [ RunTime:0.032002s ]
INFO: [ view_parse ] --END-- [ RunTime:0.032002s ]
INFO: [ view_filter ] --START--
INFO: Run Behavior\WriteHtmlCacheBehavior [ RunTime:0.000000s ]
INFO: [ view_filter ] --END-- [ RunTime:0.000000s ]
INFO: [ app_end ] --START--
INFO: Run Behavior\ShowPageTraceBehavior [ RunTime:0.001000s ]
INFO: [ app_end ] --END-- [ RunTime:0.002000s ]

[ 2014-11-09T23:33:13+08:00 ] 127.0.0.1 /Art/myorderHandel.html?search=false&nd=1415547193203&rows=10&page=1&sidx=id&sord=asc
INFO: [ app_init ] --START--
INFO: Run Behavior\BuildLiteBehavior [ RunTime:0.000000s ]
INFO: [ app_init ] --END-- [ RunTime:0.001000s ]
NOTIC: [8] Use of undefined constant getGroup - assumed 'getGroup' D:\wamp2.5\www\jiyi\Home\Common\function.php 第 8 行.
INFO: [ app_begin ] --START--
INFO: Run Behavior\ReadHtmlCacheBehavior [ RunTime:0.003000s ]
INFO: [ app_begin ] --END-- [ RunTime:0.004000s ]
NOTIC: [8] Use of undefined constant IS_REQUEST - assumed 'IS_REQUEST' D:\wamp2.5\www\jiyi\Home\Controller\ArtController.class.php 第 153 行.
NOTIC: [8192] mysql_connect(): The mysql extension is deprecated and will be removed in the future: use mysqli or PDO instead D:\wamp2.5\www\ThinkPHP\Library\Think\Db\Driver\Mysql.class.php 第 52 行.
SQL: SHOW COLUMNS FROM `bixiu_order` [ RunTime:0.005000s ]
SQL: SELECT COUNT(*) AS tp_count FROM `bixiu_order` WHERE ( `status` = 0 ) AND ( `desid` = 1 ) AND ( `dessubmit` = 0 ) LIMIT 1   [ RunTime:0.001000s ]
SQL: SELECT * FROM `bixiu_order` WHERE ( `status` = 0 ) AND ( `desid` = 1 ) AND ( `dessubmit` = 0 ) ORDER BY id asc LIMIT 0,10   [ RunTime:0.000000s ]
SQL: SHOW COLUMNS FROM `bixiu_user` [ RunTime:0.005000s ]
SQL: SELECT * FROM `bixiu_user` WHERE ( 1=1 AND id='2' ) LIMIT 1   [ RunTime:0.001001s ]
NOTIC: [2] Creating default object from empty value D:\wamp2.5\www\jiyi\Home\Controller\ArtController.class.php 第 181 行.
INFO: [ app_end ] --START--
INFO: Run Behavior\ShowPageTraceBehavior [ RunTime:0.001000s ]
INFO: [ app_end ] --END-- [ RunTime:0.001000s ]

[ 2014-11-09T23:34:30+08:00 ] 127.0.0.1 /Art/myorder/num/2.html
INFO: [ app_init ] --START--
INFO: Run Behavior\BuildLiteBehavior [ RunTime:0.000000s ]
INFO: [ app_init ] --END-- [ RunTime:0.000000s ]
NOTIC: [8] Use of undefined constant getGroup - assumed 'getGroup' D:\wamp2.5\www\jiyi\Home\Common\function.php 第 8 行.
INFO: [ app_begin ] --START--
INFO: Run Behavior\ReadHtmlCacheBehavior [ RunTime:0.002000s ]
INFO: [ app_begin ] --END-- [ RunTime:0.003001s ]
INFO: [ view_parse ] --START--
INFO: [ template_filter ] --START--
INFO: Run Behavior\ContentReplaceBehavior [ RunTime:0.000000s ]
INFO: [ template_filter ] --END-- [ RunTime:0.001000s ]
INFO: Run Behavior\ParseTemplateBehavior [ RunTime:0.031002s ]
INFO: [ view_parse ] --END-- [ RunTime:0.032002s ]
INFO: [ view_filter ] --START--
INFO: Run Behavior\WriteHtmlCacheBehavior [ RunTime:0.001000s ]
INFO: [ view_filter ] --END-- [ RunTime:0.001000s ]
INFO: [ app_end ] --START--
INFO: Run Behavior\ShowPageTraceBehavior [ RunTime:0.001000s ]
INFO: [ app_end ] --END-- [ RunTime:0.001000s ]

[ 2014-11-09T23:34:30+08:00 ] 127.0.0.1 /Art/myorderHandel.html?search=false&nd=1415547270597&rows=10&page=1&sidx=id&sord=asc
INFO: [ app_init ] --START--
INFO: Run Behavior\BuildLiteBehavior [ RunTime:0.000000s ]
INFO: [ app_init ] --END-- [ RunTime:0.001000s ]
NOTIC: [8] Use of undefined constant getGroup - assumed 'getGroup' D:\wamp2.5\www\jiyi\Home\Common\function.php 第 8 行.
INFO: [ app_begin ] --START--
INFO: Run Behavior\ReadHtmlCacheBehavior [ RunTime:0.002001s ]
INFO: [ app_begin ] --END-- [ RunTime:0.002001s ]
NOTIC: [8] Use of undefined constant IS_REQUEST - assumed 'IS_REQUEST' D:\wamp2.5\www\jiyi\Home\Controller\ArtController.class.php 第 153 行.
NOTIC: [8192] mysql_connect(): The mysql extension is deprecated and will be removed in the future: use mysqli or PDO instead D:\wamp2.5\www\ThinkPHP\Library\Think\Db\Driver\Mysql.class.php 第 52 行.
SQL: SHOW COLUMNS FROM `bixiu_order` [ RunTime:0.006000s ]
SQL: SELECT COUNT(*) AS tp_count FROM `bixiu_order` WHERE ( `status` = 0 ) AND ( `desid` = 1 ) AND ( `dessubmit` = 0 ) LIMIT 1   [ RunTime:0.002001s ]
SQL: SELECT * FROM `bixiu_order` WHERE ( `status` = 0 ) AND ( `desid` = 1 ) AND ( `dessubmit` = 0 ) ORDER BY id asc LIMIT 0,10   [ RunTime:0.004000s ]
SQL: SHOW COLUMNS FROM `bixiu_user` [ RunTime:0.009000s ]
SQL: SELECT * FROM `bixiu_user` WHERE ( 1=1 AND id='2' ) LIMIT 1   [ RunTime:0.001000s ]
NOTIC: [2] Creating default object from empty value D:\wamp2.5\www\jiyi\Home\Controller\ArtController.class.php 第 181 行.
INFO: [ app_end ] --START--
INFO: Run Behavior\ShowPageTraceBehavior [ RunTime:0.001000s ]
INFO: [ app_end ] --END-- [ RunTime:0.002000s ]

[ 2014-11-09T23:34:40+08:00 ] 127.0.0.1 /Art/index/num/2.html
INFO: [ app_init ] --START--
INFO: Run Behavior\BuildLiteBehavior [ RunTime:0.000000s ]
INFO: [ app_init ] --END-- [ RunTime:0.001000s ]
NOTIC: [8] Use of undefined constant getGroup - assumed 'getGroup' D:\wamp2.5\www\jiyi\Home\Common\function.php 第 8 行.
INFO: [ app_begin ] --START--
INFO: Run Behavior\ReadHtmlCacheBehavior [ RunTime:0.001000s ]
INFO: [ app_begin ] --END-- [ RunTime:0.001000s ]
INFO: [ view_parse ] --START--
INFO: [ template_filter ] --START--
INFO: Run Behavior\ContentReplaceBehavior [ RunTime:0.001000s ]
INFO: [ template_filter ] --END-- [ RunTime:0.001000s ]
INFO: Run Behavior\ParseTemplateBehavior [ RunTime:0.037002s ]
INFO: [ view_parse ] --END-- [ RunTime:0.038002s ]
INFO: [ view_filter ] --START--
INFO: Run Behavior\WriteHtmlCacheBehavior [ RunTime:0.001000s ]
INFO: [ view_filter ] --END-- [ RunTime:0.001000s ]
INFO: [ app_end ] --START--
INFO: Run Behavior\ShowPageTraceBehavior [ RunTime:0.013000s ]
INFO: [ app_end ] --END-- [ RunTime:0.013000s ]

[ 2014-11-09T23:34:41+08:00 ] 127.0.0.1 /Art/listHandel.html?search=false&nd=1415547280892&rows=10&page=1&sidx=id&sord=asc
INFO: [ app_init ] --START--
INFO: Run Behavior\BuildLiteBehavior [ RunTime:0.000000s ]
INFO: [ app_init ] --END-- [ RunTime:0.001000s ]
NOTIC: [8] Use of undefined constant getGroup - assumed 'getGroup' D:\wamp2.5\www\jiyi\Home\Common\function.php 第 8 行.
INFO: [ app_begin ] --START--
INFO: Run Behavior\ReadHtmlCacheBehavior [ RunTime:0.001001s ]
INFO: [ app_begin ] --END-- [ RunTime:0.001001s ]
NOTIC: [8] Use of undefined constant IS_REQUEST - assumed 'IS_REQUEST' D:\wamp2.5\www\jiyi\Home\Controller\ArtController.class.php 第 32 行.
NOTIC: [8192] mysql_connect(): The mysql extension is deprecated and will be removed in the future: use mysqli or PDO instead D:\wamp2.5\www\ThinkPHP\Library\Think\Db\Driver\Mysql.class.php 第 52 行.
SQL: SHOW COLUMNS FROM `bixiu_order` [ RunTime:0.005001s ]
SQL: SELECT COUNT(*) AS tp_count FROM `bixiu_order` WHERE ( `desid` = 0 ) AND ( `status` = 0 ) AND ( `salsubmit` <> 0 ) LIMIT 1   [ RunTime:0.001000s ]
SQL: SELECT * FROM `bixiu_order` WHERE ( `desid` = 0 ) AND ( `status` = 0 ) AND ( `salsubmit` <> 0 ) ORDER BY id asc LIMIT 0,10   [ RunTime:0.001000s ]
SQL: SHOW COLUMNS FROM `bixiu_user` [ RunTime:0.004000s ]
SQL: SELECT * FROM `bixiu_user` WHERE ( 1=1 AND id='2' ) LIMIT 1   [ RunTime:0.000000s ]
NOTIC: [2] Creating default object from empty value D:\wamp2.5\www\jiyi\Home\Controller\ArtController.class.php 第 62 行.
INFO: [ app_end ] --START--
INFO: Run Behavior\ShowPageTraceBehavior [ RunTime:0.001000s ]
INFO: [ app_end ] --END-- [ RunTime:0.001000s ]

[ 2014-11-09T23:34:46+08:00 ] 127.0.0.1 /Art/myorder/num/2.html
INFO: [ app_init ] --START--
INFO: Run Behavior\BuildLiteBehavior [ RunTime:0.000000s ]
INFO: [ app_init ] --END-- [ RunTime:0.001000s ]
NOTIC: [8] Use of undefined constant getGroup - assumed 'getGroup' D:\wamp2.5\www\jiyi\Home\Common\function.php 第 8 行.
INFO: [ app_begin ] --START--
INFO: Run Behavior\ReadHtmlCacheBehavior [ RunTime:0.003000s ]
INFO: [ app_begin ] --END-- [ RunTime:0.003000s ]
INFO: [ view_parse ] --START--
INFO: [ template_filter ] --START--
INFO: Run Behavior\ContentReplaceBehavior [ RunTime:0.000000s ]
INFO: [ template_filter ] --END-- [ RunTime:0.001000s ]
INFO: Run Behavior\ParseTemplateBehavior [ RunTime:0.037002s ]
INFO: [ view_parse ] --END-- [ RunTime:0.037002s ]
INFO: [ view_filter ] --START--
INFO: Run Behavior\WriteHtmlCacheBehavior [ RunTime:0.001000s ]
INFO: [ view_filter ] --END-- [ RunTime:0.002000s ]
INFO: [ app_end ] --START--
INFO: Run Behavior\ShowPageTraceBehavior [ RunTime:0.001000s ]
INFO: [ app_end ] --END-- [ RunTime:0.001000s ]

[ 2014-11-09T23:34:46+08:00 ] 127.0.0.1 /Art/myorderHandel.html?search=false&nd=1415547286612&rows=10&page=1&sidx=id&sord=asc
INFO: [ app_init ] --START--
INFO: Run Behavior\BuildLiteBehavior [ RunTime:0.000000s ]
INFO: [ app_init ] --END-- [ RunTime:0.001000s ]
NOTIC: [8] Use of undefined constant getGroup - assumed 'getGroup' D:\wamp2.5\www\jiyi\Home\Common\function.php 第 8 行.
INFO: [ app_begin ] --START--
INFO: Run Behavior\ReadHtmlCacheBehavior [ RunTime:0.001000s ]
INFO: [ app_begin ] --END-- [ RunTime:0.002000s ]
NOTIC: [8] Use of undefined constant IS_REQUEST - assumed 'IS_REQUEST' D:\wamp2.5\www\jiyi\Home\Controller\ArtController.class.php 第 153 行.
NOTIC: [8192] mysql_connect(): The mysql extension is deprecated and will be removed in the future: use mysqli or PDO instead D:\wamp2.5\www\ThinkPHP\Library\Think\Db\Driver\Mysql.class.php 第 52 行.
SQL: SHOW COLUMNS FROM `bixiu_order` [ RunTime:0.006001s ]
SQL: SELECT COUNT(*) AS tp_count FROM `bixiu_order` WHERE ( `status` = 0 ) AND ( `desid` = 1 ) AND ( `dessubmit` = 0 ) LIMIT 1   [ RunTime:0.001000s ]
SQL: SELECT * FROM `bixiu_order` WHERE ( `status` = 0 ) AND ( `desid` = 1 ) AND ( `dessubmit` = 0 ) ORDER BY id asc LIMIT 0,10   [ RunTime:0.000000s ]
SQL: SHOW COLUMNS FROM `bixiu_user` [ RunTime:0.006000s ]
SQL: SELECT * FROM `bixiu_user` WHERE ( 1=1 AND id='2' ) LIMIT 1   [ RunTime:0.001001s ]
NOTIC: [2] Creating default object from empty value D:\wamp2.5\www\jiyi\Home\Controller\ArtController.class.php 第 181 行.
INFO: [ app_end ] --START--
INFO: Run Behavior\ShowPageTraceBehavior [ RunTime:0.001000s ]
INFO: [ app_end ] --END-- [ RunTime:0.001000s ]

